#
# There is insufficient memory for the Java Runtime Environment to continue.
# Native memory allocation (mmap) failed to map 37748736 bytes for Failed to commit area from 0x000000008fc00000 to 0x0000000092000000 of length 37748736.
# Possible reasons:
#   The system is out of physical RAM or swap space
#   The process is running with CompressedOops enabled, and the Java Heap may be blocking the growth of the native heap
# Possible solutions:
#   Reduce memory load on the system
#   Increase physical memory or swap space
#   Check if swap backing store is full
#   Decrease Java heap size (-Xmx/-Xms)
#   Decrease number of Java threads
#   Decrease Java thread stack sizes (-Xss)
#   Set larger code cache with -XX:ReservedCodeCacheSize=
#   JVM is running with Unscaled Compressed Oops mode in which the Java heap is
#     placed in the first 4GB address space. The Java Heap base address is the
#     maximum limit for the native heap growth. Please use -XX:HeapBaseMinAddress
#     to set the Java Heap base and to place the Java Heap above 4GB virtual address.
# This output file may be truncated or incomplete.
#
#  Out of Memory Error (./src/hotspot/os/windows/os_windows.cpp:3521), pid=9644, tid=11912
#
# JRE version: OpenJDK Runtime Environment (11.0.12+7) (build 11.0.12+7-b1504.28-7817840)
# Java VM: OpenJDK 64-Bit Server VM (11.0.12+7-b1504.28-7817840, mixed mode, tiered, compressed oops, g1 gc, windows-amd64)
# No core dump will be written. Minidumps are not enabled by default on client versions of Windows
#

---------------  S U M M A R Y ------------

Command Line: org.jetbrains.kotlin.cli.jvm.K2JVMCompiler @C:\Users\USER\AndroidStudioProjects\RentalApp\app\build\20230903_13032113237790587115.compiler.options

Host: Intel(R) Core(TM) i5-7300U CPU @ 2.60GHz, 4 cores, 7G,  Windows 10 , 64 bit Build 19041 (10.0.19041.3155)
Time: Sun Sep  3 16:01:53 2023 E. Africa Standard Time elapsed time: 10.839539 seconds (0d 0h 0m 10s)

---------------  T H R E A D  ---------------

Current thread (0x00000289335f6800):  VMThread "VM Thread" [stack: 0x000000a1d1c00000,0x000000a1d1d00000] [id=11912]

Stack: [0x000000a1d1c00000,0x000000a1d1d00000]
[error occurred during error reporting (printing stack bounds), id 0xc0000005, EXCEPTION_ACCESS_VIOLATION (0xc0000005) at pc=0x000002891d14112d]

Native frames: (J=compiled Java code, j=interpreted, Vv=VM code, C=native code)
V  [jvm.dll+0x5fbcea]
V  [jvm.dll+0x731905]
V  [jvm.dll+0x732f1d]
V  [jvm.dll+0x733535]
V  [jvm.dll+0x7334eb]
V  [jvm.dll+0x5fb080]
V  [jvm.dll+0x5fb818]
C  [ntdll.dll+0xa23df]
C  [ntdll.dll+0x514b4]
C  [ntdll.dll+0xa0eee]
C  0x000002891d14112d

VM_Operation (0x000000a1d16fd6f0): G1CollectForAllocation, mode: safepoint, requested by thread 0x0000028917e60000


---------------  P R O C E S S  ---------------

Threads class SMR info:
_java_thread_list=0x00000289341079b0, length=11, elements={
0x0000028917e60000, 0x000002893361d800, 0x0000028933626800, 0x0000028933639000,
0x000002893363c000, 0x000002893363e800, 0x0000028933647000, 0x0000028933649800,
0x0000028933653000, 0x000002893410e000, 0x000002893410a800
}

Java Threads: ( => current thread )
  0x0000028917e60000 JavaThread "main" [_thread_blocked, id=4080, stack(0x000000a1d1600000,0x000000a1d1700000)]
  0x000002893361d800 JavaThread "Reference Handler" daemon [_thread_blocked, id=7928, stack(0x000000a1d1d00000,0x000000a1d1e00000)]
  0x0000028933626800 JavaThread "Finalizer" daemon [_thread_blocked, id=1360, stack(0x000000a1d1e00000,0x000000a1d1f00000)]
  0x0000028933639000 JavaThread "Signal Dispatcher" daemon [_thread_blocked, id=7484, stack(0x000000a1d1f00000,0x000000a1d2000000)]
  0x000002893363c000 JavaThread "Attach Listener" daemon [_thread_blocked, id=13340, stack(0x000000a1d2000000,0x000000a1d2100000)]
  0x000002893363e800 JavaThread "Service Thread" daemon [_thread_blocked, id=4088, stack(0x000000a1d2100000,0x000000a1d2200000)]
  0x0000028933647000 JavaThread "C2 CompilerThread0" daemon [_thread_in_native, id=10376, stack(0x000000a1d2200000,0x000000a1d2300000)]
  0x0000028933649800 JavaThread "C1 CompilerThread0" daemon [_thread_blocked, id=12496, stack(0x000000a1d2300000,0x000000a1d2400000)]
  0x0000028933653000 JavaThread "Sweeper thread" daemon [_thread_blocked, id=2540, stack(0x000000a1d2400000,0x000000a1d2500000)]
  0x000002893410e000 JavaThread "Common-Cleaner" daemon [_thread_blocked, id=1084, stack(0x000000a1d2600000,0x000000a1d2700000)]
  0x000002893410a800 JavaThread "C2 CompilerThread1" daemon [_thread_in_native, id=13172, stack(0x000000a1d2700000,0x000000a1d2800000)]

Other Threads:
=>0x00000289335f6800 VMThread "VM Thread" [stack: 0x000000a1d1c00000,0x000000a1d1d00000] [id=11912]
  0x00000289340a3800 WatcherThread [stack: 0x000000a1d2500000,0x000000a1d2600000] [id=11156]
  0x0000028917e79000 GCTaskThread "GC Thread#0" [stack: 0x000000a1d1700000,0x000000a1d1800000] [id=12300]
  0x00000289345ae000 GCTaskThread "GC Thread#1" [stack: 0x000000a1d2800000,0x000000a1d2900000] [id=11524]
  0x0000028938eac800 GCTaskThread "GC Thread#2" [stack: 0x000000a1d2900000,0x000000a1d2a00000] [id=1580]
  0x0000028917eab000 ConcurrentGCThread "G1 Main Marker" [stack: 0x000000a1d1800000,0x000000a1d1900000] [id=1912]
  0x0000028917eac800 ConcurrentGCThread "G1 Conc#0" [stack: 0x000000a1d1900000,0x000000a1d1a00000] [id=2484]
  0x0000028917f2c000 ConcurrentGCThread "G1 Refine#0" [stack: 0x000000a1d1a00000,0x000000a1d1b00000] [id=12444]
  0x0000028939519800 ConcurrentGCThread "G1 Refine#1" [stack: 0x000000a1d2a00000,0x000000a1d2b00000] [id=9512]
  0x0000028917f2d000 ConcurrentGCThread "G1 Young RemSet Sampling" [stack: 0x000000a1d1b00000,0x000000a1d1c00000] [id=8036]

Threads with active compile tasks:
C2 CompilerThread0  10859 9382       4       org.jetbrains.kotlin.resolve.OverridingUtil::generateOverridesInFunctionGroup (123 bytes)
C2 CompilerThread1  10859 9700       4       org.jetbrains.kotlin.ir.util.TypeTranslator::translateType (621 bytes)

VM state:at safepoint (normal execution)

VM Mutex/Monitor currently owned by a thread:  ([mutex/lock_event])
[0x0000028917e5d230] Threads_lock - owner thread: 0x00000289335f6800
[0x0000028917e5daa0] Heap_lock - owner thread: 0x0000028917e60000

Heap address: 0x0000000086000000, size: 1952 MB, Compressed Oops mode: 32-bit
Narrow klass base: 0x0000000000000000, Narrow klass shift: 3
Compressed class space size: 1073741824 Address: 0x0000000100000000

Heap:
 garbage-first heap   total 196608K, used 62976K [0x0000000086000000, 0x0000000100000000)
  region size 1024K, 8 young (8192K), 8 survivors (8192K)
 Metaspace       used 71449K, capacity 72237K, committed 72496K, reserved 1114112K
  class space    used 7882K, capacity 8207K, committed 8240K, reserved 1048576K
Heap Regions: E=young(eden), S=young(survivor), O=old, HS=humongous(starts), HC=humongous(continues), CS=collection set, F=free, A=archive, TAMS=top-at-mark-start (previous, next)
|   0|0x0000000086000000, 0x0000000086100000, 0x0000000086100000|100%|HS|  |TAMS 0x0000000086100000, 0x0000000086000000| Complete 
|   1|0x0000000086100000, 0x0000000086200000, 0x0000000086200000|100%|HC|  |TAMS 0x0000000086200000, 0x0000000086100000| Complete 
|   2|0x0000000086200000, 0x0000000086300000, 0x0000000086300000|100%|HC|  |TAMS 0x0000000086300000, 0x0000000086200000| Complete 
|   3|0x0000000086300000, 0x0000000086400000, 0x0000000086400000|100%| O|  |TAMS 0x0000000086400000, 0x0000000086300000| Untracked 
|   4|0x0000000086400000, 0x0000000086500000, 0x0000000086500000|100%| O|  |TAMS 0x0000000086500000, 0x0000000086400000| Untracked 
|   5|0x0000000086500000, 0x0000000086600000, 0x0000000086600000|100%|HS|  |TAMS 0x0000000086600000, 0x0000000086500000| Complete 
|   6|0x0000000086600000, 0x0000000086700000, 0x0000000086700000|100%|HC|  |TAMS 0x0000000086700000, 0x0000000086600000| Complete 
|   7|0x0000000086700000, 0x0000000086800000, 0x0000000086800000|100%|HC|  |TAMS 0x0000000086800000, 0x0000000086700000| Complete 
|   8|0x0000000086800000, 0x0000000086900000, 0x0000000086900000|100%|HS|  |TAMS 0x0000000086900000, 0x0000000086800000| Complete 
|   9|0x0000000086900000, 0x0000000086a00000, 0x0000000086a00000|100%|HC|  |TAMS 0x0000000086a00000, 0x0000000086900000| Complete 
|  10|0x0000000086a00000, 0x0000000086b00000, 0x0000000086b00000|100%| O|  |TAMS 0x0000000086b00000, 0x0000000086a00000| Untracked 
|  11|0x0000000086b00000, 0x0000000086c00000, 0x0000000086c00000|100%| O|  |TAMS 0x0000000086c00000, 0x0000000086b00000| Untracked 
|  12|0x0000000086c00000, 0x0000000086d00000, 0x0000000086d00000|100%| O|  |TAMS 0x0000000086d00000, 0x0000000086c00000| Untracked 
|  13|0x0000000086d00000, 0x0000000086e00000, 0x0000000086e00000|100%| O|  |TAMS 0x0000000086e00000, 0x0000000086d00000| Untracked 
|  14|0x0000000086e00000, 0x0000000086f00000, 0x0000000086f00000|100%| O|  |TAMS 0x0000000086f00000, 0x0000000086e00000| Untracked 
|  15|0x0000000086f00000, 0x0000000087000000, 0x0000000087000000|100%| O|  |TAMS 0x0000000087000000, 0x0000000086f00000| Untracked 
|  16|0x0000000087000000, 0x0000000087100000, 0x0000000087100000|100%| O|  |TAMS 0x0000000087100000, 0x0000000087000000| Untracked 
|  17|0x0000000087100000, 0x0000000087200000, 0x0000000087200000|100%| O|  |TAMS 0x0000000087200000, 0x0000000087100000| Untracked 
|  18|0x0000000087200000, 0x0000000087300000, 0x0000000087300000|100%| O|  |TAMS 0x0000000087300000, 0x0000000087200000| Untracked 
|  19|0x0000000087300000, 0x0000000087400000, 0x0000000087400000|100%| O|  |TAMS 0x0000000087400000, 0x0000000087300000| Untracked 
|  20|0x0000000087400000, 0x0000000087500000, 0x0000000087500000|100%| O|  |TAMS 0x00000000874c9400, 0x0000000087400000| Untracked 
|  21|0x0000000087500000, 0x0000000087600000, 0x0000000087600000|100%| O|  |TAMS 0x0000000087500000, 0x0000000087500000| Untracked 
|  22|0x0000000087600000, 0x0000000087700000, 0x0000000087700000|100%| O|  |TAMS 0x0000000087600000, 0x0000000087600000| Untracked 
|  23|0x0000000087700000, 0x0000000087800000, 0x0000000087800000|100%| O|  |TAMS 0x0000000087700000, 0x0000000087700000| Untracked 
|  24|0x0000000087800000, 0x0000000087900000, 0x0000000087900000|100%| O|  |TAMS 0x0000000087800000, 0x0000000087800000| Untracked 
|  25|0x0000000087900000, 0x0000000087a00000, 0x0000000087a00000|100%| O|  |TAMS 0x0000000087900000, 0x0000000087900000| Untracked 
|  26|0x0000000087a00000, 0x0000000087b00000, 0x0000000087b00000|100%| O|  |TAMS 0x0000000087a00000, 0x0000000087a00000| Untracked 
|  27|0x0000000087b00000, 0x0000000087c00000, 0x0000000087c00000|100%| O|  |TAMS 0x0000000087b00000, 0x0000000087b00000| Untracked 
|  28|0x0000000087c00000, 0x0000000087d00000, 0x0000000087d00000|100%| O|  |TAMS 0x0000000087c00000, 0x0000000087c00000| Untracked 
|  29|0x0000000087d00000, 0x0000000087e00000, 0x0000000087e00000|100%| O|  |TAMS 0x0000000087d00000, 0x0000000087d00000| Untracked 
|  30|0x0000000087e00000, 0x0000000087f00000, 0x0000000087f00000|100%| O|  |TAMS 0x0000000087e00000, 0x0000000087e00000| Untracked 
|  31|0x0000000087f00000, 0x0000000088000000, 0x0000000088000000|100%| O|  |TAMS 0x0000000087f00000, 0x0000000087f00000| Untracked 
|  32|0x0000000088000000, 0x0000000088100000, 0x0000000088100000|100%| O|  |TAMS 0x0000000088000000, 0x0000000088000000| Untracked 
|  33|0x0000000088100000, 0x0000000088200000, 0x0000000088200000|100%| O|  |TAMS 0x0000000088100000, 0x0000000088100000| Untracked 
|  34|0x0000000088200000, 0x0000000088300000, 0x0000000088300000|100%| O|  |TAMS 0x0000000088200000, 0x0000000088200000| Untracked 
|  35|0x0000000088300000, 0x0000000088400000, 0x0000000088400000|100%| O|  |TAMS 0x0000000088300000, 0x0000000088300000| Untracked 
|  36|0x0000000088400000, 0x0000000088500000, 0x0000000088500000|100%| O|  |TAMS 0x0000000088400000, 0x0000000088400000| Untracked 
|  37|0x0000000088500000, 0x0000000088600000, 0x0000000088600000|100%| O|  |TAMS 0x0000000088500000, 0x0000000088500000| Untracked 
|  38|0x0000000088600000, 0x0000000088700000, 0x0000000088700000|100%| O|  |TAMS 0x0000000088600000, 0x0000000088600000| Untracked 
|  39|0x0000000088700000, 0x0000000088800000, 0x0000000088800000|100%| O|  |TAMS 0x0000000088700000, 0x0000000088700000| Untracked 
|  40|0x0000000088800000, 0x0000000088900000, 0x0000000088900000|100%| O|  |TAMS 0x0000000088800000, 0x0000000088800000| Untracked 
|  41|0x0000000088900000, 0x0000000088a00000, 0x0000000088a00000|100%| O|  |TAMS 0x0000000088900000, 0x0000000088900000| Untracked 
|  42|0x0000000088a00000, 0x0000000088b00000, 0x0000000088b00000|100%| O|  |TAMS 0x0000000088a00000, 0x0000000088a00000| Untracked 
|  43|0x0000000088b00000, 0x0000000088c00000, 0x0000000088c00000|100%| O|  |TAMS 0x0000000088b00000, 0x0000000088b00000| Untracked 
|  44|0x0000000088c00000, 0x0000000088d00000, 0x0000000088d00000|100%| O|  |TAMS 0x0000000088c00000, 0x0000000088c00000| Untracked 
|  45|0x0000000088d00000, 0x0000000088e00000, 0x0000000088e00000|100%| O|  |TAMS 0x0000000088d00000, 0x0000000088d00000| Untracked 
|  46|0x0000000088e00000, 0x0000000088f00000, 0x0000000088f00000|100%| O|  |TAMS 0x0000000088e00000, 0x0000000088e00000| Untracked 
|  47|0x0000000088f00000, 0x0000000089000000, 0x0000000089000000|100%| O|  |TAMS 0x0000000088f00000, 0x0000000088f00000| Untracked 
|  48|0x0000000089000000, 0x0000000089100000, 0x0000000089100000|100%| O|  |TAMS 0x0000000089000000, 0x0000000089000000| Untracked 
|  49|0x0000000089100000, 0x0000000089200000, 0x0000000089200000|100%| O|  |TAMS 0x0000000089100000, 0x0000000089100000| Untracked 
|  50|0x0000000089200000, 0x0000000089300000, 0x0000000089300000|100%| O|  |TAMS 0x0000000089200000, 0x0000000089200000| Untracked 
|  51|0x0000000089300000, 0x0000000089400000, 0x0000000089400000|100%| O|  |TAMS 0x0000000089300000, 0x0000000089300000| Untracked 
|  52|0x0000000089400000, 0x0000000089500000, 0x0000000089500000|100%| O|  |TAMS 0x0000000089400000, 0x0000000089400000| Untracked 
|  53|0x0000000089500000, 0x0000000089600000, 0x0000000089600000|100%| O|  |TAMS 0x0000000089500000, 0x0000000089500000| Untracked 
|  54|0x0000000089600000, 0x0000000089600000, 0x0000000089700000|  0%| F|  |TAMS 0x0000000089600000, 0x0000000089600000| Untracked 
|  55|0x0000000089700000, 0x0000000089700000, 0x0000000089800000|  0%| F|  |TAMS 0x0000000089700000, 0x0000000089700000| Untracked 
|  56|0x0000000089800000, 0x0000000089800000, 0x0000000089900000|  0%| F|  |TAMS 0x0000000089800000, 0x0000000089800000| Untracked 
|  57|0x0000000089900000, 0x0000000089900000, 0x0000000089a00000|  0%| F|  |TAMS 0x0000000089900000, 0x0000000089900000| Untracked 
|  58|0x0000000089a00000, 0x0000000089a00000, 0x0000000089b00000|  0%| F|  |TAMS 0x0000000089a00000, 0x0000000089a00000| Untracked 
|  59|0x0000000089b00000, 0x0000000089b00000, 0x0000000089c00000|  0%| F|  |TAMS 0x0000000089b00000, 0x0000000089b00000| Untracked 
|  60|0x0000000089c00000, 0x0000000089c00000, 0x0000000089d00000|  0%| F|  |TAMS 0x0000000089c00000, 0x0000000089c00000| Untracked 
|  61|0x0000000089d00000, 0x0000000089d00000, 0x0000000089e00000|  0%| F|  |TAMS 0x0000000089d00000, 0x0000000089d00000| Untracked 
|  62|0x0000000089e00000, 0x0000000089e00000, 0x0000000089f00000|  0%| F|  |TAMS 0x0000000089e00000, 0x0000000089e00000| Untracked 
|  63|0x0000000089f00000, 0x0000000089f00000, 0x000000008a000000|  0%| F|  |TAMS 0x0000000089f00000, 0x0000000089f00000| Untracked 
|  64|0x000000008a000000, 0x000000008a000000, 0x000000008a100000|  0%| F|  |TAMS 0x000000008a000000, 0x000000008a000000| Untracked 
|  65|0x000000008a100000, 0x000000008a100000, 0x000000008a200000|  0%| F|  |TAMS 0x000000008a100000, 0x000000008a100000| Untracked 
|  66|0x000000008a200000, 0x000000008a200000, 0x000000008a300000|  0%| F|  |TAMS 0x000000008a200000, 0x000000008a200000| Untracked 
|  67|0x000000008a300000, 0x000000008a300000, 0x000000008a400000|  0%| F|  |TAMS 0x000000008a300000, 0x000000008a300000| Untracked 
|  68|0x000000008a400000, 0x000000008a400000, 0x000000008a500000|  0%| F|  |TAMS 0x000000008a400000, 0x000000008a400000| Untracked 
|  69|0x000000008a500000, 0x000000008a500000, 0x000000008a600000|  0%| F|  |TAMS 0x000000008a500000, 0x000000008a500000| Untracked 
|  70|0x000000008a600000, 0x000000008a600000, 0x000000008a700000|  0%| F|  |TAMS 0x000000008a600000, 0x000000008a600000| Untracked 
|  71|0x000000008a700000, 0x000000008a700000, 0x000000008a800000|  0%| F|  |TAMS 0x000000008a700000, 0x000000008a700000| Untracked 
|  72|0x000000008a800000, 0x000000008a800000, 0x000000008a900000|  0%| F|  |TAMS 0x000000008a800000, 0x000000008a800000| Untracked 
|  73|0x000000008a900000, 0x000000008a900000, 0x000000008aa00000|  0%| F|  |TAMS 0x000000008a900000, 0x000000008a900000| Untracked 
|  74|0x000000008aa00000, 0x000000008aa00000, 0x000000008ab00000|  0%| F|  |TAMS 0x000000008aa00000, 0x000000008aa00000| Untracked 
|  75|0x000000008ab00000, 0x000000008ab00000, 0x000000008ac00000|  0%| F|  |TAMS 0x000000008ab00000, 0x000000008ab00000| Untracked 
|  76|0x000000008ac00000, 0x000000008ac00000, 0x000000008ad00000|  0%| F|  |TAMS 0x000000008ac00000, 0x000000008ac00000| Untracked 
|  77|0x000000008ad00000, 0x000000008ad00000, 0x000000008ae00000|  0%| F|  |TAMS 0x000000008ad00000, 0x000000008ad00000| Untracked 
|  78|0x000000008ae00000, 0x000000008ae00000, 0x000000008af00000|  0%| F|  |TAMS 0x000000008ae00000, 0x000000008ae00000| Untracked 
|  79|0x000000008af00000, 0x000000008af80000, 0x000000008b000000| 50%| S|CS|TAMS 0x000000008af00000, 0x000000008af00000| Complete 
|  80|0x000000008b000000, 0x000000008b100000, 0x000000008b100000|100%| S|CS|TAMS 0x000000008b000000, 0x000000008b000000| Complete 
|  81|0x000000008b100000, 0x000000008b200000, 0x000000008b200000|100%| S|CS|TAMS 0x000000008b100000, 0x000000008b100000| Complete 
|  82|0x000000008b200000, 0x000000008b300000, 0x000000008b300000|100%| S|CS|TAMS 0x000000008b200000, 0x000000008b200000| Complete 
|  83|0x000000008b300000, 0x000000008b300000, 0x000000008b400000|  0%| F|  |TAMS 0x000000008b300000, 0x000000008b300000| Untracked 
|  84|0x000000008b400000, 0x000000008b400000, 0x000000008b500000|  0%| F|  |TAMS 0x000000008b400000, 0x000000008b400000| Untracked 
|  85|0x000000008b500000, 0x000000008b500000, 0x000000008b600000|  0%| F|  |TAMS 0x000000008b500000, 0x000000008b500000| Untracked 
|  86|0x000000008b600000, 0x000000008b600000, 0x000000008b700000|  0%| F|  |TAMS 0x000000008b600000, 0x000000008b600000| Untracked 
|  87|0x000000008b700000, 0x000000008b700000, 0x000000008b800000|  0%| F|  |TAMS 0x000000008b700000, 0x000000008b700000| Untracked 
|  88|0x000000008b800000, 0x000000008b800000, 0x000000008b900000|  0%| F|  |TAMS 0x000000008b800000, 0x000000008b800000| Untracked 
|  89|0x000000008b900000, 0x000000008b900000, 0x000000008ba00000|  0%| F|  |TAMS 0x000000008b900000, 0x000000008b900000| Untracked 
|  90|0x000000008ba00000, 0x000000008ba00000, 0x000000008bb00000|  0%| F|  |TAMS 0x000000008ba00000, 0x000000008ba00000| Untracked 
|  91|0x000000008bb00000, 0x000000008bb00000, 0x000000008bc00000|  0%| F|  |TAMS 0x000000008bb00000, 0x000000008bb00000| Untracked 
|  92|0x000000008bc00000, 0x000000008bd00000, 0x000000008bd00000|100%| S|CS|TAMS 0x000000008bc00000, 0x000000008bc00000| Complete 
|  93|0x000000008bd00000, 0x000000008be00000, 0x000000008be00000|100%| S|CS|TAMS 0x000000008bd00000, 0x000000008bd00000| Complete 
|  94|0x000000008be00000, 0x000000008bf00000, 0x000000008bf00000|100%| S|CS|TAMS 0x000000008be00000, 0x000000008be00000| Complete 
|  95|0x000000008bf00000, 0x000000008c000000, 0x000000008c000000|100%| S|CS|TAMS 0x000000008bf00000, 0x000000008bf00000| Complete 
|  96|0x000000008c000000, 0x000000008c000000, 0x000000008c100000|  0%| F|  |TAMS 0x000000008c000000, 0x000000008c000000| Untracked 
|  97|0x000000008c100000, 0x000000008c100000, 0x000000008c200000|  0%| F|  |TAMS 0x000000008c100000, 0x000000008c100000| Untracked 
|  98|0x000000008c200000, 0x000000008c200000, 0x000000008c300000|  0%| F|  |TAMS 0x000000008c200000, 0x000000008c200000| Untracked 
|  99|0x000000008c300000, 0x000000008c300000, 0x000000008c400000|  0%| F|  |TAMS 0x000000008c300000, 0x000000008c300000| Untracked 
| 100|0x000000008c400000, 0x000000008c400000, 0x000000008c500000|  0%| F|  |TAMS 0x000000008c400000, 0x000000008c400000| Untracked 
| 101|0x000000008c500000, 0x000000008c500000, 0x000000008c600000|  0%| F|  |TAMS 0x000000008c500000, 0x000000008c500000| Untracked 
| 102|0x000000008c600000, 0x000000008c600000, 0x000000008c700000|  0%| F|  |TAMS 0x000000008c600000, 0x000000008c600000| Untracked 
| 103|0x000000008c700000, 0x000000008c700000, 0x000000008c800000|  0%| F|  |TAMS 0x000000008c700000, 0x000000008c700000| Untracked 
| 104|0x000000008c800000, 0x000000008c800000, 0x000000008c900000|  0%| F|  |TAMS 0x000000008c800000, 0x000000008c800000| Untracked 
| 105|0x000000008c900000, 0x000000008c900000, 0x000000008ca00000|  0%| F|  |TAMS 0x000000008c900000, 0x000000008c900000| Untracked 
| 106|0x000000008ca00000, 0x000000008ca00000, 0x000000008cb00000|  0%| F|  |TAMS 0x000000008ca00000, 0x000000008ca00000| Untracked 
| 107|0x000000008cb00000, 0x000000008cb00000, 0x000000008cc00000|  0%| F|  |TAMS 0x000000008cb00000, 0x000000008cb00000| Untracked 
| 108|0x000000008cc00000, 0x000000008cc00000, 0x000000008cd00000|  0%| F|  |TAMS 0x000000008cc00000, 0x000000008cc00000| Untracked 
| 109|0x000000008cd00000, 0x000000008cd00000, 0x000000008ce00000|  0%| F|  |TAMS 0x000000008cd00000, 0x000000008cd00000| Untracked 
| 110|0x000000008ce00000, 0x000000008ce00000, 0x000000008cf00000|  0%| F|  |TAMS 0x000000008ce00000, 0x000000008ce00000| Untracked 
| 111|0x000000008cf00000, 0x000000008cf00000, 0x000000008d000000|  0%| F|  |TAMS 0x000000008cf00000, 0x000000008cf00000| Untracked 
| 112|0x000000008d000000, 0x000000008d000000, 0x000000008d100000|  0%| F|  |TAMS 0x000000008d000000, 0x000000008d000000| Untracked 
| 113|0x000000008d100000, 0x000000008d100000, 0x000000008d200000|  0%| F|  |TAMS 0x000000008d100000, 0x000000008d100000| Untracked 
| 114|0x000000008d200000, 0x000000008d200000, 0x000000008d300000|  0%| F|  |TAMS 0x000000008d200000, 0x000000008d200000| Untracked 
| 115|0x000000008d300000, 0x000000008d300000, 0x000000008d400000|  0%| F|  |TAMS 0x000000008d300000, 0x000000008d300000| Untracked 
| 116|0x000000008d400000, 0x000000008d400000, 0x000000008d500000|  0%| F|  |TAMS 0x000000008d400000, 0x000000008d400000| Untracked 
| 117|0x000000008d500000, 0x000000008d500000, 0x000000008d600000|  0%| F|  |TAMS 0x000000008d500000, 0x000000008d500000| Untracked 
| 118|0x000000008d600000, 0x000000008d600000, 0x000000008d700000|  0%| F|  |TAMS 0x000000008d600000, 0x000000008d600000| Untracked 
| 119|0x000000008d700000, 0x000000008d700000, 0x000000008d800000|  0%| F|  |TAMS 0x000000008d700000, 0x000000008d700000| Untracked 
| 120|0x000000008d800000, 0x000000008d800000, 0x000000008d900000|  0%| F|  |TAMS 0x000000008d800000, 0x000000008d800000| Untracked 
| 121|0x000000008d900000, 0x000000008d900000, 0x000000008da00000|  0%| F|  |TAMS 0x000000008d900000, 0x000000008d900000| Untracked 
| 122|0x000000008da00000, 0x000000008da00000, 0x000000008db00000|  0%| F|  |TAMS 0x000000008da00000, 0x000000008da00000| Untracked 
| 123|0x000000008db00000, 0x000000008db00000, 0x000000008dc00000|  0%| F|  |TAMS 0x000000008db00000, 0x000000008db00000| Untracked 
| 124|0x000000008dc00000, 0x000000008dc00000, 0x000000008dd00000|  0%| F|  |TAMS 0x000000008dc00000, 0x000000008dc00000| Untracked 
| 125|0x000000008dd00000, 0x000000008dd00000, 0x000000008de00000|  0%| F|  |TAMS 0x000000008dd00000, 0x000000008dd00000| Untracked 
| 126|0x000000008de00000, 0x000000008de00000, 0x000000008df00000|  0%| F|  |TAMS 0x000000008de00000, 0x000000008de00000| Untracked 
| 127|0x000000008df00000, 0x000000008df00000, 0x000000008e000000|  0%| F|  |TAMS 0x000000008df00000, 0x000000008df00000| Untracked 
| 128|0x000000008e000000, 0x000000008e000000, 0x000000008e100000|  0%| F|  |TAMS 0x000000008e000000, 0x000000008e000000| Untracked 
| 129|0x000000008e100000, 0x000000008e100000, 0x000000008e200000|  0%| F|  |TAMS 0x000000008e100000, 0x000000008e100000| Untracked 
| 130|0x000000008e200000, 0x000000008e200000, 0x000000008e300000|  0%| F|  |TAMS 0x000000008e200000, 0x000000008e200000| Untracked 
| 131|0x000000008e300000, 0x000000008e300000, 0x000000008e400000|  0%| F|  |TAMS 0x000000008e300000, 0x000000008e300000| Untracked 
| 132|0x000000008e400000, 0x000000008e400000, 0x000000008e500000|  0%| F|  |TAMS 0x000000008e400000, 0x000000008e400000| Untracked 
| 133|0x000000008e500000, 0x000000008e500000, 0x000000008e600000|  0%| F|  |TAMS 0x000000008e500000, 0x000000008e500000| Untracked 
| 134|0x000000008e600000, 0x000000008e600000, 0x000000008e700000|  0%| F|  |TAMS 0x000000008e600000, 0x000000008e600000| Untracked 
| 135|0x000000008e700000, 0x000000008e700000, 0x000000008e800000|  0%| F|  |TAMS 0x000000008e700000, 0x000000008e700000| Untracked 
| 136|0x000000008e800000, 0x000000008e800000, 0x000000008e900000|  0%| F|  |TAMS 0x000000008e800000, 0x000000008e800000| Untracked 
| 137|0x000000008e900000, 0x000000008e900000, 0x000000008ea00000|  0%| F|  |TAMS 0x000000008e900000, 0x000000008e900000| Untracked 
| 138|0x000000008ea00000, 0x000000008ea00000, 0x000000008eb00000|  0%| F|  |TAMS 0x000000008ea00000, 0x000000008ea00000| Untracked 
| 139|0x000000008eb00000, 0x000000008eb00000, 0x000000008ec00000|  0%| F|  |TAMS 0x000000008eb00000, 0x000000008eb00000| Untracked 
| 140|0x000000008ec00000, 0x000000008ec00000, 0x000000008ed00000|  0%| F|  |TAMS 0x000000008ec00000, 0x000000008ec00000| Untracked 
| 141|0x000000008ed00000, 0x000000008ed00000, 0x000000008ee00000|  0%| F|  |TAMS 0x000000008ed00000, 0x000000008ed00000| Untracked 
| 142|0x000000008ee00000, 0x000000008ee00000, 0x000000008ef00000|  0%| F|  |TAMS 0x000000008ee00000, 0x000000008ee00000| Untracked 
| 143|0x000000008ef00000, 0x000000008ef00000, 0x000000008f000000|  0%| F|  |TAMS 0x000000008ef00000, 0x000000008ef00000| Untracked 
| 144|0x000000008f000000, 0x000000008f000000, 0x000000008f100000|  0%| F|  |TAMS 0x000000008f000000, 0x000000008f000000| Untracked 
| 145|0x000000008f100000, 0x000000008f100000, 0x000000008f200000|  0%| F|  |TAMS 0x000000008f100000, 0x000000008f100000| Untracked 
| 146|0x000000008f200000, 0x000000008f200000, 0x000000008f300000|  0%| F|  |TAMS 0x000000008f200000, 0x000000008f200000| Untracked 
| 147|0x000000008f300000, 0x000000008f300000, 0x000000008f400000|  0%| F|  |TAMS 0x000000008f300000, 0x000000008f300000| Untracked 
| 148|0x000000008f400000, 0x000000008f400000, 0x000000008f500000|  0%| F|  |TAMS 0x000000008f400000, 0x000000008f400000| Untracked 
| 149|0x000000008f500000, 0x000000008f500000, 0x000000008f600000|  0%| F|  |TAMS 0x000000008f500000, 0x000000008f500000| Untracked 
| 150|0x000000008f600000, 0x000000008f600000, 0x000000008f700000|  0%| F|  |TAMS 0x000000008f600000, 0x000000008f600000| Untracked 
| 151|0x000000008f700000, 0x000000008f700000, 0x000000008f800000|  0%| F|  |TAMS 0x000000008f700000, 0x000000008f700000| Untracked 
| 152|0x000000008f800000, 0x000000008f800000, 0x000000008f900000|  0%| F|  |TAMS 0x000000008f800000, 0x000000008f800000| Untracked 
| 153|0x000000008f900000, 0x000000008f900000, 0x000000008fa00000|  0%| F|  |TAMS 0x000000008f900000, 0x000000008f900000| Untracked 
| 154|0x000000008fa00000, 0x000000008fa00000, 0x000000008fb00000|  0%| F|  |TAMS 0x000000008fa00000, 0x000000008fa00000| Untracked 
| 155|0x000000008fb00000, 0x000000008fb00000, 0x000000008fc00000|  0%| F|  |TAMS 0x000000008fb00000, 0x000000008fb00000| Untracked 

Card table byte_map: [0x000002892cb40000,0x000002892cf10000] _byte_map_base: 0x000002892c710000

Marking Bits (Prev, Next): (CMBitMap*) 0x0000028917ea2aa0, (CMBitMap*) 0x0000028917ea2a68
 Prev Bits: [0x000002892f160000, 0x0000028930fe0000)
 Next Bits: [0x000002892d2e0000, 0x000002892f160000)

Polling page: 0x0000028917f40000

Metaspace:

Usage:
  Non-class:     62.53 MB capacity,    62.08 MB (>99%) used,   346.65 KB ( <1%) free+waste,   115.44 KB ( <1%) overhead. 
      Class:      8.01 MB capacity,     7.70 MB ( 96%) used,   274.63 KB (  3%) free+waste,    50.38 KB ( <1%) overhead. 
       Both:     70.54 MB capacity,    69.78 MB ( 99%) used,   621.27 KB ( <1%) free+waste,   165.81 KB ( <1%) overhead. 

Virtual space:
  Non-class space:       64.00 MB reserved,      62.75 MB ( 98%) committed 
      Class space:        1.00 GB reserved,       8.05 MB ( <1%) committed 
             Both:        1.06 GB reserved,      70.80 MB (  7%) committed 

Chunk freelists:
   Non-Class:  34.00 KB
       Class:  17.00 KB
        Both:  51.00 KB

MaxMetaspaceSize: 17179869184.00 GB
CompressedClassSpaceSize: 1.00 GB
Initial GC threshold: 20.80 MB
Current GC threshold: 77.37 MB
CDS: off

CodeHeap 'non-profiled nmethods': size=120064Kb used=4640Kb max_used=4640Kb free=115423Kb
 bounds [0x0000028924c00000, 0x0000028925090000, 0x000002892c140000]
CodeHeap 'profiled nmethods': size=120000Kb used=28759Kb max_used=28759Kb free=91240Kb
 bounds [0x000002891d6d0000, 0x000002891f2f0000, 0x0000028924c00000]
CodeHeap 'non-nmethods': size=5696Kb used=1376Kb max_used=1396Kb free=4319Kb
 bounds [0x000002891d140000, 0x000002891d3b0000, 0x000002891d6d0000]
 total_blobs=10466 nmethods=9793 adapters=582
 compilation: enabled
              stopped_count=0, restarted_count=0
 full_count=0

Compilation events (20 events):
Event: 10.796 Thread 0x0000028933649800 9834       2       org.jetbrains.kotlin.descriptors.ClassKind::isSingleton (20 bytes)
Event: 10.797 Thread 0x0000028933649800 nmethod 9834 0x000002891f2de290 code [0x000002891f2de440, 0x000002891f2de578]
Event: 10.797 Thread 0x0000028933649800 9835       2       org.jetbrains.kotlin.ir.expressions.IrExpression::transform (10 bytes)
Event: 10.798 Thread 0x0000028933649800 nmethod 9835 0x000002891f2de610 code [0x000002891f2de860, 0x000002891f2ded38]
Event: 10.800 Thread 0x0000028933649800 9836       2       org.jetbrains.kotlin.ir.util.ConstantValueGenerator::generateAnnotationConstructorCall$default (31 bytes)
Event: 10.801 Thread 0x0000028933649800 nmethod 9836 0x000002891f2df090 code [0x000002891f2df260, 0x000002891f2df438]
Event: 10.801 Thread 0x0000028933649800 9837       2       org.jetbrains.kotlin.ir.util.ConstantValueGenerator::generateAnnotationConstructorCall (599 bytes)
Event: 10.805 Thread 0x0000028933649800 nmethod 9837 0x000002891f2df590 code [0x000002891f2dfcc0, 0x000002891f2e1d38]
Event: 10.805 Thread 0x0000028933649800 9839       2       org.jetbrains.kotlin.ir.expressions.IrBody::transform (25 bytes)
Event: 10.806 Thread 0x0000028933649800 nmethod 9839 0x000002891f2e3590 code [0x000002891f2e37e0, 0x000002891f2e3cb8]
Event: 10.806 Thread 0x0000028933649800 9840       2       org.jetbrains.kotlin.ir.visitors.IrElementTransformerVoid::visitBlockBody (10 bytes)
Event: 10.807 Thread 0x0000028933649800 nmethod 9840 0x000002891f2e4010 code [0x000002891f2e4220, 0x000002891f2e4528]
Event: 10.807 Thread 0x0000028933649800 9841       2       org.jetbrains.kotlin.ir.visitors.IrElementTransformerVoid::visitBlockBody (13 bytes)
Event: 10.807 Thread 0x0000028933649800 nmethod 9841 0x000002891f2e4710 code [0x000002891f2e4900, 0x000002891f2e4bc8]
Event: 10.807 Thread 0x0000028933649800 9843       2       org.jetbrains.kotlin.ir.util.IrUtilsKt::hasAnnotation (117 bytes)
Event: 10.808 Thread 0x0000028933649800 nmethod 9843 0x000002891f2e4d90 code [0x000002891f2e5060, 0x000002891f2e57a8]
Event: 10.808 Thread 0x0000028933649800 9842       2       org.jetbrains.kotlin.resolve.annotations.AnnotationUtilKt::getJVM_STATIC_ANNOTATION_FQ_NAME (4 bytes)
Event: 10.808 Thread 0x0000028933649800 nmethod 9842 0x000002891f2e5c10 code [0x000002891f2e5dc0, 0x000002891f2e5e98]
Event: 10.808 Thread 0x0000028933649800 9844       1       org.jetbrains.kotlin.ir.declarations.lazy.IrLazyFunction::getCorrespondingPropertySymbol (5 bytes)
Event: 10.808 Thread 0x0000028933649800 nmethod 9844 0x0000028925088090 code [0x0000028925088240, 0x00000289250882f8]

GC Heap History (17 events):
Event: 0.416 GC heap before
{Heap before GC invocations=0 (full 0):
 garbage-first heap   total 124928K, used 17408K [0x0000000086000000, 0x0000000100000000)
  region size 1024K, 14 young (14336K), 0 survivors (0K)
 Metaspace       used 9861K, capacity 10002K, committed 10112K, reserved 1058816K
  class space    used 837K, capacity 885K, committed 896K, reserved 1048576K
}
Event: 0.419 GC heap after
{Heap after GC invocations=1 (full 0):
 garbage-first heap   total 124928K, used 5233K [0x0000000086000000, 0x0000000100000000)
  region size 1024K, 2 young (2048K), 2 survivors (2048K)
 Metaspace       used 9861K, capacity 10002K, committed 10112K, reserved 1058816K
  class space    used 837K, capacity 885K, committed 896K, reserved 1048576K
}
Event: 1.259 GC heap before
{Heap before GC invocations=1 (full 0):
 garbage-first heap   total 124928K, used 51313K [0x0000000086000000, 0x0000000100000000)
  region size 1024K, 48 young (49152K), 2 survivors (2048K)
 Metaspace       used 21049K, capacity 21201K, committed 21296K, reserved 1069056K
  class space    used 2233K, capacity 2307K, committed 2352K, reserved 1048576K
}
Event: 1.271 GC heap after
{Heap after GC invocations=2 (full 0):
 garbage-first heap   total 124928K, used 9903K [0x0000000086000000, 0x0000000100000000)
  region size 1024K, 7 young (7168K), 7 survivors (7168K)
 Metaspace       used 21049K, capacity 21201K, committed 21296K, reserved 1069056K
  class space    used 2233K, capacity 2307K, committed 2352K, reserved 1048576K
}
Event: 2.218 GC heap before
{Heap before GC invocations=3 (full 0):
 garbage-first heap   total 124928K, used 63151K [0x0000000086000000, 0x0000000100000000)
  region size 1024K, 54 young (55296K), 7 survivors (7168K)
 Metaspace       used 31199K, capacity 31652K, committed 31920K, reserved 1077248K
  class space    used 3713K, capacity 3889K, committed 4016K, reserved 1048576K
}
Event: 2.247 GC heap after
{Heap after GC invocations=4 (full 0):
 garbage-first heap   total 124928K, used 21856K [0x0000000086000000, 0x0000000100000000)
  region size 1024K, 7 young (7168K), 7 survivors (7168K)
 Metaspace       used 31199K, capacity 31652K, committed 31920K, reserved 1077248K
  class space    used 3713K, capacity 3889K, committed 4016K, reserved 1048576K
}
Event: 2.617 GC heap before
{Heap before GC invocations=4 (full 0):
 garbage-first heap   total 124928K, used 40288K [0x0000000086000000, 0x0000000100000000)
  region size 1024K, 26 young (26624K), 7 survivors (7168K)
 Metaspace       used 35406K, capacity 35797K, committed 35888K, reserved 1081344K
  class space    used 4383K, capacity 4567K, committed 4656K, reserved 1048576K
}
Event: 2.633 GC heap after
{Heap after GC invocations=5 (full 0):
 garbage-first heap   total 124928K, used 21973K [0x0000000086000000, 0x0000000100000000)
  region size 1024K, 3 young (3072K), 3 survivors (3072K)
 Metaspace       used 35406K, capacity 35797K, committed 35888K, reserved 1081344K
  class space    used 4383K, capacity 4567K, committed 4656K, reserved 1048576K
}
Event: 3.610 GC heap before
{Heap before GC invocations=6 (full 0):
 garbage-first heap   total 124928K, used 75221K [0x0000000086000000, 0x0000000100000000)
  region size 1024K, 53 young (54272K), 3 survivors (3072K)
 Metaspace       used 46826K, capacity 47331K, committed 47536K, reserved 1091584K
  class space    used 5566K, capacity 5782K, committed 5808K, reserved 1048576K
}
Event: 3.626 GC heap after
{Heap after GC invocations=7 (full 0):
 garbage-first heap   total 159744K, used 27985K [0x0000000086000000, 0x0000000100000000)
  region size 1024K, 7 young (7168K), 7 survivors (7168K)
 Metaspace       used 46826K, capacity 47331K, committed 47536K, reserved 1091584K
  class space    used 5566K, capacity 5782K, committed 5808K, reserved 1048576K
}
Event: 4.889 GC heap before
{Heap before GC invocations=8 (full 0):
 garbage-first heap   total 159744K, used 98641K [0x0000000086000000, 0x0000000100000000)
  region size 1024K, 75 young (76800K), 7 survivors (7168K)
 Metaspace       used 52054K, capacity 52642K, committed 52912K, reserved 1095680K
  class space    used 6035K, capacity 6268K, committed 6320K, reserved 1048576K
}
Event: 4.909 GC heap after
{Heap after GC invocations=9 (full 0):
 garbage-first heap   total 159744K, used 36027K [0x0000000086000000, 0x0000000100000000)
  region size 1024K, 10 young (10240K), 10 survivors (10240K)
 Metaspace       used 52054K, capacity 52642K, committed 52912K, reserved 1095680K
  class space    used 6035K, capacity 6268K, committed 6320K, reserved 1048576K
}
Event: 6.198 GC heap before
{Heap before GC invocations=9 (full 0):
 garbage-first heap   total 159744K, used 105659K [0x0000000086000000, 0x0000000100000000)
  region size 1024K, 78 young (79872K), 10 survivors (10240K)
 Metaspace       used 53824K, capacity 54409K, committed 54576K, reserved 1097728K
  class space    used 6118K, capacity 6342K, committed 6448K, reserved 1048576K
}
Event: 6.226 GC heap after
{Heap after GC invocations=10 (full 0):
 garbage-first heap   total 159744K, used 45843K [0x0000000086000000, 0x0000000100000000)
  region size 1024K, 10 young (10240K), 10 survivors (10240K)
 Metaspace       used 53824K, capacity 54409K, committed 54576K, reserved 1097728K
  class space    used 6118K, capacity 6342K, committed 6448K, reserved 1048576K
}
Event: 9.126 GC heap before
{Heap before GC invocations=10 (full 0):
 garbage-first heap   total 159744K, used 112403K [0x0000000086000000, 0x0000000100000000)
  region size 1024K, 74 young (75776K), 10 survivors (10240K)
 Metaspace       used 62539K, capacity 63263K, committed 63408K, reserved 1105920K
  class space    used 6985K, capacity 7254K, committed 7344K, reserved 1048576K
}
Event: 9.155 GC heap after
{Heap after GC invocations=11 (full 0):
 garbage-first heap   total 159744K, used 54784K [0x0000000086000000, 0x0000000100000000)
  region size 1024K, 9 young (9216K), 9 survivors (9216K)
 Metaspace       used 62539K, capacity 63263K, committed 63408K, reserved 1105920K
  class space    used 6985K, capacity 7254K, committed 7344K, reserved 1048576K
}
Event: 10.808 GC heap before
{Heap before GC invocations=11 (full 0):
 garbage-first heap   total 159744K, used 116224K [0x0000000086000000, 0x0000000100000000)
  region size 1024K, 69 young (70656K), 9 survivors (9216K)
 Metaspace       used 71449K, capacity 72237K, committed 72496K, reserved 1114112K
  class space    used 7882K, capacity 8207K, committed 8240K, reserved 1048576K
}

Deoptimization events (20 events):
Event: 10.446 Thread 0x0000028917e60000 DEOPT PACKING pc=0x000002891f02bef1 sp=0x000000a1d16fe340
Event: 10.446 Thread 0x0000028917e60000 DEOPT UNPACKING pc=0x000002891d18a95e sp=0x000000a1d16fd7c8 mode 0
Event: 10.446 Thread 0x0000028917e60000 DEOPT PACKING pc=0x000002891f02bef1 sp=0x000000a1d16fe340
Event: 10.446 Thread 0x0000028917e60000 DEOPT UNPACKING pc=0x000002891d18a95e sp=0x000000a1d16fd7c8 mode 0
Event: 10.542 Thread 0x0000028917e60000 Uncommon trap: trap_request=0xffffff4d fr.pc=0x0000028924e099bc relative=0x00000000000004dc
Event: 10.542 Thread 0x0000028917e60000 Uncommon trap: reason=unstable_if action=reinterpret pc=0x0000028924e099bc method=kotlin.LazyKt__LazyJVMKt.lazy(Lkotlin/LazyThreadSafetyMode;Lkotlin/jvm/functions/Function0;)Lkotlin/Lazy; @ 21 c2
Event: 10.542 Thread 0x0000028917e60000 DEOPT PACKING pc=0x0000028924e099bc sp=0x000000a1d16fe2d0
Event: 10.542 Thread 0x0000028917e60000 DEOPT UNPACKING pc=0x000002891d18a1af sp=0x000000a1d16fe290 mode 2
Event: 10.556 Thread 0x0000028917e60000 Uncommon trap: trap_request=0xffffff4d fr.pc=0x000002892507a398 relative=0x0000000000000a58
Event: 10.556 Thread 0x0000028917e60000 Uncommon trap: reason=unstable_if action=reinterpret pc=0x000002892507a398 method=org.jetbrains.kotlin.descriptors.impl.FunctionDescriptorImpl.isInfix()Z @ 4 c2
Event: 10.556 Thread 0x0000028917e60000 DEOPT PACKING pc=0x000002892507a398 sp=0x000000a1d16fe300
Event: 10.556 Thread 0x0000028917e60000 DEOPT UNPACKING pc=0x000002891d18a1af sp=0x000000a1d16fe2c0 mode 2
Event: 10.661 Thread 0x0000028917e60000 Uncommon trap: trap_request=0xffffffcc fr.pc=0x000002892506ba2c relative=0x0000000000004dec
Event: 10.661 Thread 0x0000028917e60000 Uncommon trap: reason=intrinsic_or_type_checked_inlining action=make_not_entrant pc=0x000002892506ba2c method=java.util.ArrayList$SubList.toArray([Ljava/lang/Object;)[Ljava/lang/Object; @ 58 c2
Event: 10.661 Thread 0x0000028917e60000 DEOPT PACKING pc=0x000002892506ba2c sp=0x000000a1d16fdd90
Event: 10.661 Thread 0x0000028917e60000 DEOPT UNPACKING pc=0x000002891d18a1af sp=0x000000a1d16fdb38 mode 2
Event: 10.672 Thread 0x0000028917e60000 DEOPT PACKING pc=0x000002891e44552b sp=0x000000a1d16fdda0
Event: 10.672 Thread 0x0000028917e60000 DEOPT UNPACKING pc=0x000002891d18a95e sp=0x000000a1d16fd240 mode 0
Event: 10.692 Thread 0x0000028917e60000 DEOPT PACKING pc=0x000002891f18bf74 sp=0x000000a1d16fe1d0
Event: 10.692 Thread 0x0000028917e60000 DEOPT UNPACKING pc=0x000002891d18a95e sp=0x000000a1d16fd668 mode 0

Classes redefined (0 events):
No events

Internal exceptions (20 events):
Event: 6.847 Thread 0x0000028917e60000 Exception <a 'java/lang/NoSuchMethodError'{0x000000008ed4ae50}: 'java.lang.Object java.lang.invoke.Invokers$Holder.linkToTargetMethod(java.lang.Object, java.lang.Object, java.lang.Object, int, int, java.lang.Object)'> (0x000000008ed4ae50) thrown at [./src/hotspot/share/interpreter/linkResolver.cpp, line 773]
Event: 7.156 Thread 0x0000028917e60000 Implicit null exception at 0x0000028924e6165c to 0x0000028924e61f94
Event: 7.614 Thread 0x0000028917e60000 Exception <a 'java/lang/NoSuchMethodError'{0x000000008d69bef8}: 'java.lang.Object java.lang.invoke.Invokers$Holder.linkToTargetMethod(java.lang.Object, java.lang.Object, java.lang.Object, java.lang.Object, java.lang.Object, java.lang.Object, java.lang.Object)'> (0x000000008d69bef8) thrown at [./src/hotspot/share/interpreter/linkResolver.cpp, line 773]
Event: 8.722 Thread 0x0000028917e60000 Exception <a 'java/lang/NoSuchMethodError'{0x000000008c34f210}: 'void java.lang.invoke.DirectMethodHandle$Holder.invokeInterface(java.lang.Object, java.lang.Object)'> (0x000000008c34f210) thrown at [./src/hotspot/share/interpreter/linkResolver.cpp, line 773]
Event: 8.760 Thread 0x0000028917e60000 Exception <a 'java/lang/NoSuchMethodError'{0x000000008c268250}: 'java.lang.Object java.lang.invoke.DirectMethodHandle$Holder.invokeSpecial(java.lang.Object, java.lang.Object, java.lang.Object, java.lang.Object, java.lang.Object, int)'> (0x000000008c268250) thrown at [./src/hotspot/share/interpreter/linkResolver.cpp, line 773]
Event: 8.761 Thread 0x0000028917e60000 Exception <a 'java/lang/NoSuchMethodError'{0x000000008c26c5e8}: 'java.lang.Object java.lang.invoke.Invokers$Holder.linkToTargetMethod(java.lang.Object, java.lang.Object, java.lang.Object, int, java.lang.Object)'> (0x000000008c26c5e8) thrown at [./src/hotspot/share/interpreter/linkResolver.cpp, line 773]
Event: 9.204 Thread 0x0000028917e60000 Implicit null exception at 0x0000028924c639f5 to 0x0000028924c63bbc
Event: 9.387 Thread 0x0000028917e60000 Implicit null exception at 0x0000028924e6c5fa to 0x0000028924e6c8c4
Event: 9.503 Thread 0x0000028917e60000 Exception <a 'java/lang/NoSuchMethodError'{0x000000008f1a4be0}: 'java.lang.Object java.lang.invoke.DirectMethodHandle$Holder.invokeStaticInit(java.lang.Object, java.lang.Object, java.lang.Object, java.lang.Object)'> (0x000000008f1a4be0) thrown at [./src/hotspot/share/interpreter/linkResolver.cpp, line 773]
Event: 9.691 Thread 0x0000028917e60000 Exception <a 'java/lang/NoSuchMethodError'{0x000000008e7b2910}: 'int java.lang.invoke.DirectMethodHandle$Holder.invokeStaticInit(java.lang.Object, java.lang.Object, java.lang.Object, java.lang.Object)'> (0x000000008e7b2910) thrown at [./src/hotspot/share/interpreter/linkResolver.cpp, line 773]
Event: 9.754 Thread 0x0000028917e60000 Exception <a 'java/lang/NoSuchMethodError'{0x000000008e4eba40}: 'java.lang.Object java.lang.invoke.DirectMethodHandle$Holder.invokeStatic(java.lang.Object, java.lang.Object, java.lang.Object, int, int, java.lang.Object, java.lang.Object, java.lang.Object)'> (0x000000008e4eba40) thrown at [./src/hotspot/share/interpreter/linkResolver.cpp, line 773]
Event: 9.754 Thread 0x0000028917e60000 Exception <a 'java/lang/NoSuchMethodError'{0x000000008e4f5fb8}: 'java.lang.Object java.lang.invoke.DirectMethodHandle$Holder.invokeStatic(java.lang.Object, java.lang.Object, java.lang.Object, int, int)'> (0x000000008e4f5fb8) thrown at [./src/hotspot/share/interpreter/linkResolver.cpp, line 773]
Event: 9.754 Thread 0x0000028917e60000 Exception <a 'java/lang/NoSuchMethodError'{0x000000008e4f9798}: 'java.lang.Object java.lang.invoke.DirectMethodHandle$Holder.invokeSpecial(java.lang.Object, java.lang.Object, java.lang.Object, java.lang.Object, int, int)'> (0x000000008e4f9798) thrown at [./src/hotspot/share/interpreter/linkResolver.cpp, line 773]
Event: 9.755 Thread 0x0000028917e60000 Exception <a 'java/lang/NoSuchMethodError'{0x000000008e4fc8a0}: 'java.lang.Object java.lang.invoke.Invokers$Holder.linkToTargetMethod(java.lang.Object, java.lang.Object, int, int, java.lang.Object)'> (0x000000008e4fc8a0) thrown at [./src/hotspot/share/interpreter/linkResolver.cpp, line 773]
Event: 9.765 Thread 0x0000028917e60000 Exception <a 'java/lang/NoSuchMethodError'{0x000000008e367a20}: 'java.lang.Object java.lang.invoke.DirectMethodHandle$Holder.invokeStatic(java.lang.Object, java.lang.Object, java.lang.Object, int, int, java.lang.Object, java.lang.Object)'> (0x000000008e367a20) thrown at [./src/hotspot/share/interpreter/linkResolver.cpp, line 773]
Event: 9.766 Thread 0x0000028917e60000 Exception <a 'java/lang/NoSuchMethodError'{0x000000008e36b638}: 'java.lang.Object java.lang.invoke.DirectMethodHandle$Holder.invokeSpecial(java.lang.Object, java.lang.Object, java.lang.Object, java.lang.Object, int, int, java.lang.Object, java.lang.Object)'> (0x000000008e36b638) thrown at [./src/hotspot/share/interpreter/linkResolver.cpp, line 773]
Event: 9.766 Thread 0x0000028917e60000 Exception <a 'java/lang/NoSuchMethodError'{0x000000008e36ea48}: 'java.lang.Object java.lang.invoke.Invokers$Holder.linkToTargetMethod(java.lang.Object, java.lang.Object, int, int, java.lang.Object, java.lang.Object, java.lang.Object)'> (0x000000008e36ea48) thrown at [./src/hotspot/share/interpreter/linkResolver.cpp, line 773]
Event: 9.783 Thread 0x0000028917e60000 Exception <a 'java/lang/NoSuchMethodError'{0x000000008e23e578}: 'java.lang.Object java.lang.invoke.DirectMethodHandle$Holder.invokeStatic(java.lang.Object, java.lang.Object, java.lang.Object, int, int, java.lang.Object, java.lang.Object, java.lang.Object, java.lang.Object)'> (0x000000008e23e578) thrown at [./src/hotspot/share/interpreter/linkResolver.cpp, line 773]
Event: 9.799 Thread 0x0000028917e60000 Exception <a 'java/lang/NoSuchMethodError'{0x000000008e2facc8}: 'java.lang.Object java.lang.invoke.DirectMethodHandle$Holder.invokeSpecial(java.lang.Object, java.lang.Object, int, int, java.lang.Object, java.lang.Object, java.lang.Object, java.lang.Object, java.lang.Object)'> (0x000000008e2facc8) thrown at [./src/hotspot/share/interpreter/linkResolver.cpp, line 773]
Event: 9.955 Thread 0x0000028917e60000 Implicit null exception at 0x0000028924c6ec74 to 0x0000028924c6ee8c

Events (20 events):
Event: 10.791 loading class org/jetbrains/kotlin/ir/declarations/IrScript done
Event: 10.791 loading class org/jetbrains/kotlin/backend/jvm/lower/ScriptsToClassesSymbolRemapper
Event: 10.791 loading class org/jetbrains/kotlin/backend/jvm/lower/ScriptsToClassesSymbolRemapper done
Event: 10.792 loading class org/jetbrains/kotlin/ir/util/SymbolRemapper$Empty
Event: 10.792 loading class org/jetbrains/kotlin/ir/util/SymbolRemapper$Empty done
Event: 10.792 loading class org/jetbrains/kotlin/ir/util/SymbolRemapper
Event: 10.792 loading class org/jetbrains/kotlin/ir/util/SymbolRemapper done
Event: 10.792 loading class org/jetbrains/kotlin/backend/jvm/lower/FileClassLowering
Event: 10.792 loading class org/jetbrains/kotlin/backend/jvm/lower/FileClassLowering done
Event: 10.794 loading class org/jetbrains/kotlin/name/FqName
Event: 10.794 loading class org/jetbrains/kotlin/name/FqName done
Event: 10.794 loading class org/jetbrains/kotlin/name/FqName
Event: 10.794 loading class org/jetbrains/kotlin/name/FqName done
Event: 10.795 loading class org/jetbrains/kotlin/backend/jvm/lower/JvmStaticInObjectLowering
Event: 10.795 loading class org/jetbrains/kotlin/backend/jvm/lower/JvmStaticInObjectLowering done
Event: 10.795 loading class org/jetbrains/kotlin/backend/jvm/lower/SingletonObjectJvmStaticTransformer
Event: 10.795 loading class org/jetbrains/kotlin/backend/jvm/lower/SingletonObjectJvmStaticTransformer done
Event: 10.808 loading class org/jetbrains/kotlin/backend/jvm/lower/RepeatedAnnotationLowering
Event: 10.808 loading class org/jetbrains/kotlin/backend/jvm/lower/RepeatedAnnotationLowering done
Event: 10.808 Executing VM operation: G1CollectForAllocation


Dynamic libraries:
0x00007ff7ef410000 - 0x00007ff7ef41a000 	C:\Program Files\Android\Android Studio\jre\bin\java.exe
0x00007ffa50910000 - 0x00007ffa50b08000 	C:\Windows\SYSTEM32\ntdll.dll
0x00007ffa482e0000 - 0x00007ffa482f9000 	C:\Program Files\Avast Software\Avast\aswhook.dll
0x00007ffa4ead0000 - 0x00007ffa4eb8f000 	C:\Windows\System32\KERNEL32.DLL
0x00007ffa4e210000 - 0x00007ffa4e506000 	C:\Windows\System32\KERNELBASE.dll
0x00007ffa4e870000 - 0x00007ffa4e970000 	C:\Windows\System32\ucrtbase.dll
0x00007ffa4b4d0000 - 0x00007ffa4b4e9000 	C:\Program Files\Android\Android Studio\jre\bin\jli.dll
0x00007ffa37aa0000 - 0x00007ffa37ab7000 	C:\Program Files\Android\Android Studio\jre\bin\VCRUNTIME140.dll
0x00007ffa50370000 - 0x00007ffa5050d000 	C:\Windows\System32\USER32.dll
0x00007ffa4e0e0000 - 0x00007ffa4e102000 	C:\Windows\System32\win32u.dll
0x00007ffa3c090000 - 0x00007ffa3c32a000 	C:\Windows\WinSxS\amd64_microsoft.windows.common-controls_6595b64144ccf1df_6.0.19041.1110_none_60b5254171f9507e\COMCTL32.dll
0x00007ffa4f720000 - 0x00007ffa4f74c000 	C:\Windows\System32\GDI32.dll
0x00007ffa4f530000 - 0x00007ffa4f5ce000 	C:\Windows\System32\msvcrt.dll
0x00007ffa4e750000 - 0x00007ffa4e865000 	C:\Windows\System32\gdi32full.dll
0x00007ffa4dff0000 - 0x00007ffa4e08d000 	C:\Windows\System32\msvcp_win.dll
0x00007ffa506c0000 - 0x00007ffa506f0000 	C:\Windows\System32\IMM32.DLL
0x00007ffa180d0000 - 0x00007ffa1816d000 	C:\Program Files\Android\Android Studio\jre\bin\msvcp140.dll
0x00007ff9f4fc0000 - 0x00007ff9f5aa5000 	C:\Program Files\Android\Android Studio\jre\bin\server\jvm.dll
0x00007ffa4f1a0000 - 0x00007ffa4f24f000 	C:\Windows\System32\ADVAPI32.dll
0x00007ffa50820000 - 0x00007ffa508bc000 	C:\Windows\System32\sechost.dll
0x00007ffa4f5d0000 - 0x00007ffa4f6f6000 	C:\Windows\System32\RPCRT4.dll
0x00007ffa4eb90000 - 0x00007ffa4eb98000 	C:\Windows\System32\PSAPI.DLL
0x00007ffa3b4e0000 - 0x00007ffa3b4e9000 	C:\Windows\SYSTEM32\WSOCK32.dll
0x00007ffa4b540000 - 0x00007ffa4b54a000 	C:\Windows\SYSTEM32\VERSION.dll
0x00007ffa3b7a0000 - 0x00007ffa3b7c7000 	C:\Windows\SYSTEM32\WINMM.dll
0x00007ffa4f250000 - 0x00007ffa4f2bb000 	C:\Windows\System32\WS2_32.dll
0x00007ffa4c7e0000 - 0x00007ffa4c7f2000 	C:\Windows\SYSTEM32\kernel.appcore.dll
0x00007ffa39aa0000 - 0x00007ffa39ab1000 	C:\Program Files\Android\Android Studio\jre\bin\verify.dll
0x00007ffa4c4e0000 - 0x00007ffa4c6c4000 	C:\Windows\SYSTEM32\DBGHELP.DLL
0x00007ffa44630000 - 0x00007ffa44664000 	C:\Windows\SYSTEM32\dbgcore.DLL
0x00007ffa4e110000 - 0x00007ffa4e192000 	C:\Windows\System32\bcryptPrimitives.dll
0x00007ffa39a70000 - 0x00007ffa39a99000 	C:\Program Files\Android\Android Studio\jre\bin\java.dll
0x00007ffa4b4f0000 - 0x00007ffa4b4fb000 	C:\Program Files\Android\Android Studio\jre\bin\jimage.dll
0x00007ffa310d0000 - 0x00007ffa310e8000 	C:\Program Files\Android\Android Studio\jre\bin\zip.dll
0x00007ffa4fc20000 - 0x00007ffa50364000 	C:\Windows\System32\SHELL32.dll
0x00007ffa4bc70000 - 0x00007ffa4c403000 	C:\Windows\SYSTEM32\windows.storage.dll
0x00007ffa4f8c0000 - 0x00007ffa4fc14000 	C:\Windows\System32\combase.dll
0x00007ffa4d950000 - 0x00007ffa4d97e000 	C:\Windows\SYSTEM32\Wldp.dll
0x00007ffa4ea20000 - 0x00007ffa4eacd000 	C:\Windows\System32\SHCORE.dll
0x00007ffa4f3f0000 - 0x00007ffa4f445000 	C:\Windows\System32\shlwapi.dll
0x00007ffa4df20000 - 0x00007ffa4df45000 	C:\Windows\SYSTEM32\profapi.dll
0x00007ffa2fb50000 - 0x00007ffa2fb6a000 	C:\Program Files\Android\Android Studio\jre\bin\net.dll
0x00007ffa424b0000 - 0x00007ffa425ba000 	C:\Windows\SYSTEM32\WINHTTP.dll
0x00007ffa4d730000 - 0x00007ffa4d79a000 	C:\Windows\system32\mswsock.dll
0x00007ffa2fb30000 - 0x00007ffa2fb44000 	C:\Program Files\Android\Android Studio\jre\bin\nio.dll

dbghelp: loaded successfully - version: 4.0.5 - missing functions: none
symbol engine: initialized successfully - sym options: 0x614 - pdb path: .;C:\Program Files\Android\Android Studio\jre\bin;C:\Windows\SYSTEM32;C:\Program Files\Avast Software\Avast;C:\Windows\WinSxS\amd64_microsoft.windows.common-controls_6595b64144ccf1df_6.0.19041.1110_none_60b5254171f9507e;C:\Program Files\Android\Android Studio\jre\bin\server

VM Arguments:
java_command: org.jetbrains.kotlin.cli.jvm.K2JVMCompiler @C:\Users\USER\AndroidStudioProjects\RentalApp\app\build\20230903_13032113237790587115.compiler.options
java_class_path (initial): C:\Users\USER\.gradle\caches\modules-2\files-2.1\org.jetbrains.kotlin\kotlin-compiler-embeddable\1.7.10\909803167c98606fcf22b4c848647c68e351d48d\kotlin-compiler-embeddable-1.7.10.jar;C:\Users\USER\.gradle\caches\modules-2\files-2.1\org.jetbrains.kotlin\kotlin-reflect\1.7.10\165e600dfea6185cf5efa700756294cc4904dbeb\kotlin-reflect-1.7.10.jar;C:\Users\USER\.gradle\caches\modules-2\files-2.1\org.jetbrains.kotlin\kotlin-stdlib\1.7.10\d2abf9e77736acc4450dc4a3f707fa2c10f5099d\kotlin-stdlib-1.7.10.jar;C:\Users\USER\.gradle\caches\modules-2\files-2.1\org.jetbrains.kotlin\kotlin-script-runtime\1.7.10\c99c87a6988d8fd8d5142e9ed5c9f34a7cf561ee\kotlin-script-runtime-1.7.10.jar;C:\Users\USER\.gradle\caches\modules-2\files-2.1\org.jetbrains.kotlin\kotlin-daemon-embeddable\1.7.10\3a9f7aef7080d3ae63126cbba4f827ed664f32fa\kotlin-daemon-embeddable-1.7.10.jar;C:\Users\USER\.gradle\caches\modules-2\files-2.1\org.jetbrains.intellij.deps\trove4j\1.0.20200330\3afb14d5f9ceb459d724e907a21145e8ff394f02\trove4j-1.0.20200330.jar;C:\Users\USER\.gradle\caches\modules-2\files-2.1\net.java.dev.jna\jna\5.6.0\330f2244e9030119ab3030fc3fededc86713d9cc\jna-5.6.0.jar;C:\Users\USER\.gradle\caches\modules-2\files-2.1\org.jetbrains.kotlin\kotlin-stdlib-common\1.7.10\bac80c520d0a9e3f3673bc2658c6ed02ef45a76a\kotlin-stdlib-common-1.7.10.jar;C:\Users\USER\.gradle\caches\modules-2\files-2.1\org.jetbrains\annotations\13.0\919f0dfe192fb4e063e7dacadee7f8bb9a2672a9\annotations-13.0.jar
Launcher Type: SUN_STANDARD

[Global flags]
     intx CICompilerCount                          = 3                                         {product} {ergonomic}
     uint ConcGCThreads                            = 1                                         {product} {ergonomic}
     uint G1ConcRefinementThreads                  = 4                                         {product} {ergonomic}
   size_t G1HeapRegionSize                         = 1048576                                   {product} {ergonomic}
    uintx GCDrainStackTargetSize                   = 64                                        {product} {ergonomic}
   size_t InitialHeapSize                          = 127926272                                 {product} {ergonomic}
   size_t MarkStackSize                            = 4194304                                   {product} {ergonomic}
   size_t MaxHeapSize                              = 2046820352                                {product} {ergonomic}
   size_t MaxNewSize                               = 1227882496                                {product} {ergonomic}
   size_t MinHeapDeltaBytes                        = 1048576                                   {product} {ergonomic}
    uintx NonNMethodCodeHeapSize                   = 5830732                                {pd product} {ergonomic}
    uintx NonProfiledCodeHeapSize                  = 122913754                              {pd product} {ergonomic}
    uintx ProfiledCodeHeapSize                     = 122913754                              {pd product} {ergonomic}
    uintx ReservedCodeCacheSize                    = 251658240                              {pd product} {ergonomic}
     bool SegmentedCodeCache                       = true                                      {product} {ergonomic}
     bool UseCompressedClassPointers               = true                                 {lp64_product} {ergonomic}
     bool UseCompressedOops                        = true                                 {lp64_product} {ergonomic}
     bool UseG1GC                                  = true                                      {product} {ergonomic}
     bool UseLargePagesIndividualAllocation        = false                                  {pd product} {ergonomic}

Logging:
Log output configuration:
 #0: stdout all=warning uptime,level,tags
 #1: stderr all=off uptime,level,tags

Environment Variables:
JAVA_HOME=C:\Program Files\Java\jdk-11.0.16
CLASSPATH=C:\Program Files\Java\jdk-11.0.16\lib\*.jar
PATH=C:\xampp\php;C:\Program Files\nodejs;C:\Program Files\nodejs;C:\Users\USER\AppData\Local\Programs\Python\Python310\Scripts;C:\ProgramData\ComposerSetup\bin;C:\Program Files\7-Zip;C:\xampp\mysql\bin;C:\Program Files\nodejs;C:\Users\USER\AppData\Local\Programs\Microsoft VS Code\bin
USERNAME=USER
OS=Windows_NT
PROCESSOR_IDENTIFIER=Intel64 Family 6 Model 142 Stepping 9, GenuineIntel



---------------  S Y S T E M  ---------------

OS: Windows 10 , 64 bit Build 19041 (10.0.19041.3155)
OS uptime: 2 days 22:58 hours
Hyper-V role detected

CPU:total 4 (initial active 4) (2 cores per cpu, 2 threads per core) family 6 model 142 stepping 9 microcode 0xb4, cmov, cx8, fxsr, mmx, sse, sse2, sse3, ssse3, sse4.1, sse4.2, popcnt, avx, avx2, aes, clmul, erms, rtm, 3dnowpref, lzcnt, ht, tsc, tscinvbit, bmi1, bmi2, adx, fma

Memory: 4k page, system-wide physical 7801M (440M free)
TotalPageFile size 25825M (AvailPageFile size 6M)
current process WorkingSet (physical memory assigned to process): 362M, peak: 362M
current process commit charge ("private bytes"): 400M, peak: 435M

vm_info: OpenJDK 64-Bit Server VM (11.0.12+7-b1504.28-7817840) for windows-amd64 JRE (11.0.12+7-b1504.28-7817840), built on Oct 13 2021 22:12:33 by "builder" with MS VC++ 14.0 (VS2015)

END.
